2019-02-17 18:29:32 zyl用户登录成功
2019-02-17 18:29:32 管理员用户创建了syf用户
2019-02-17 18:30:53 zyl用户登录成功
2019-02-17 18:30:53 ['123456', 64310.0, 15400.0, True]用户提取了10500.0元
2019-02-17 18:30:53 ['123456', 54310.0, 25400.0, True]用户转账给wq用户10000元
2019-02-17 18:31:29 zyl用户登录成功
2019-02-17 18:31:50 zyl用户登录成功
2019-02-17 18:49:59 zyl用户登录成功
2019-02-17 18:50:39 zyl用户登录成功
2019-02-17 18:52:04 管理员用户创建了zyl用户
2019-02-17 18:52:45 zyl用户登录成功
2019-02-17 18:54:27 zyl用户登录成功
2019-02-17 18:54:27 管理员用户创建了wq用户
2019-02-17 18:57:21 zyl用户登录成功
2019-02-17 19:01:06 wq用户登录成功
2019-02-17 19:01:47 wq用户登录成功
2019-02-17 19:12:38 wq用户登录成功
2019-02-17 19:18:05 wq用户登录成功
2019-02-17 19:20:20 wq用户登录成功
2019-02-17 19:21:20 wq用户登录成功
2019-02-17 19:22:35 wq用户登录成功
2019-02-17 19:22:35 wq用户转账给zyl用户5000元
2019-02-17 19:36:07 wq用户登录成功
2019-02-17 19:39:24 wq用户登录成功
2019-02-17 19:40:43 wq用户登录成功
2019-02-17 19:42:36 wq用户登录成功
2019-02-17 19:46:38 wq用户登录成功
2019-02-17 19:51:10 wq用户登录成功
2019-02-17 20:01:27 zyl用户登录成功
2019-02-17 20:55:23 zyl用户登录成功
2019-02-17 21:01:15 zyl用户登录成功
2019-02-17 21:03:34 zyl用户登录成功
2019-02-17 21:03:34 zyl用户登录成功
2019-02-17 21:03:34 wq用户登录成功
2019-02-17 21:04:47 zyl用户登录成功
2019-02-17 21:05:52 zyl用户登录成功
2019-02-17 21:06:19 wq用户登录成功
2019-02-17 21:06:41 wq用户登录成功
2019-02-17 21:11:13 zyl用户登录成功
2019-02-17 21:11:38 zyl用户登录成功
2019-02-17 21:12:11 wq用户登录成功
2019-02-17 21:12:29 wq用户登录成功
2019-02-17 21:21:18 wq用户登录成功
2019-02-17 21:26:27 wq用户登录成功
2019-02-17 21:27:38 wq用户登录成功
2019-02-17 21:30:08 wq用户登录成功
2019-02-17 21:39:23 wq用户登录成功
2019-02-17 21:43:18 zyl用户登录成功
2019-02-17 21:43:18 zyl用户提取了8400.0元
2019-02-17 21:45:10 zyl用户登录成功
2019-02-17 21:49:16 zyl用户登录成功
2019-02-17 21:49:16 wq用户登录成功
2019-02-17 21:49:16 zyl用户登录成功
2019-02-17 21:53:27 zyl用户登录成功
2019-02-17 21:53:27 zyl用户转账给wq用户1000元
2019-02-17 21:55:25 zyl用户登录成功
2019-02-17 21:55:25 zyl用户转账给wq用户10000元
2019-02-17 21:57:07 zyl用户登录成功
2019-02-17 21:57:07 zyl用户转账给wq用户1000元
2019-02-17 21:58:15 zyl用户登录成功
2019-02-17 21:58:15 zyl用户转账给wq用户10000元
2019-02-17 21:58:15 zyl 用户查看了消费流水
2019-02-17 21:58:15 zyl用户登录成功
2019-02-17 21:58:15 zyl用户登录成功
2019-02-17 21:58:15 zyl 用户查看了消费流水
2019-02-17 21:58:15 zyl 用户查看了消费流水
2019-02-17 21:58:15 wq用户登录成功
2019-02-17 21:58:15 wq用户提取了105.0元
2019-02-17 21:58:15 wq用户转账给zyl用户10000元
2019-02-17 21:58:15 wq 用户查看了消费流水
2019-02-17 21:58:15 wq 用户查看了消费流水
2019-02-17 21:58:15 wq 用户查看了消费流水
2019-02-17 21:58:15 wq 用户查看了消费流水
2019-02-17 21:58:15 wq 用户查看了消费流水
2019-02-17 21:58:15 ['990723', 84755.0, 62245.0, True, 15000]用户还款10000元
2019-02-17 21:58:15 ['990723', 84755.0, 52245.0, True, 15000]用户还款10000元
2019-02-17 21:58:15 ['990723', 84755.0, 52145.0, True, 15000]用户还款100元
2019-02-17 22:03:57 wq用户登录成功
2019-02-17 22:03:57 ['990723', 84755.0, 42145.0, True, 15000]用户还款10000元
2019-02-17 22:03:57 zyl用户登录成功
2019-02-17 22:05:42 zyl用户登录成功
2019-02-17 22:05:42 zyl用户登录成功
2019-02-17 22:05:42 ['990723', 85672.0, 3000, True, 20000]用户还款888元
2019-02-17 22:06:43 zyl用户登录成功
2019-02-17 22:06:43 ['990723', 85672.0, 2001, True, 20000]用户还款999元
2019-02-17 22:55:31 管理员用户创建了Admin用户
2019-02-17 22:59:08 管理员用户创建了Admin用户
2019-02-17 23:02:30 管理员用户创建了Admin用户
2019-02-17 23:03:41 管理员用户创建了Admin用户
2019-02-17 23:07:48 管理员用户创建了Admin用户
2019-02-17 23:10:53 管理员用户创建了Admin用户
2019-02-17 23:12:09 管理员用户创建了Admin用户
2019-02-17 23:13:19 管理员用户创建了Admin用户
2019-02-17 23:18:05 管理员用户创建了Admin用户
2019-02-17 23:20:45 管理员用户创建了Admin用户
2019-02-17 23:21:28 管理员用户创建了Admin用户
2019-02-17 23:22:29 管理员用户创建了Admin用户
2019-02-17 23:23:26 管理员用户创建了Admin用户
2019-02-17 23:25:59 管理员用户创建了Admin用户
2019-02-17 23:30:00 管理员用户创建了Admin用户
2019-02-17 23:32:10 管理员用户创建了Admin用户
2019-02-17 23:36:06 管理员用户创建了Admin用户
2019-02-17 23:38:27 管理员用户创建了Admin用户
2019-02-17 23:54:11 管理员用户创建了Admin用户
2019-02-17 23:54:11 Admin用户登录成功
2019-02-18 00:02:58 Admin用户登录成功
2019-02-18 00:05:32 Admin用户登录成功
2019-02-18 00:06:58 Admin用户登录成功
2019-02-18 00:08:11 Admin用户登录成功
2019-02-18 00:08:11 管理员用户创建了wq用户
2019-02-18 00:08:11 wq用户登录成功
2019-02-18 00:08:11 wq 用户查看了消费流水
2019-02-18 00:08:11 wq 用户查看了消费流水
2019-02-18 00:08:11 wq 用户查看了消费流水
2019-02-18 00:08:11 wq 用户查看了消费流水
2019-02-18 00:08:11 wq 用户查看了消费流水
